<?xml version="1.0" encoding="UTF-8"?>
<!-- Generated by org.testng.reporters.JUnitReportReporter -->
<testsuite hostname="DESKTOP-71HNQ74" failures="0" tests="2" name="com.ccrm.qa.testcases.LoginPageTest" time="16.146" errors="0" timestamp="2024-01-23T12:41:45 IST" skipped="0">
  <testcase classname="com.ccrm.qa.testcases.LoginPageTest" name="loginPageTitleTest" time="7.033"/>
  <testcase classname="com.ccrm.qa.testcases.LoginPageTest" name="loginTest" time="9.113"/>
</testsuite> <!-- com.ccrm.qa.testcases.LoginPageTest -->
